{"D:\\Assiginment\\HW3\\program.js": {"path":"D:\\Assiginment\\HW3\\program.js","statementMap":{"0":{"start":{"line":2,"column":4},"end":{"line":4,"column":5}},"1":{"start":{"line":3,"column":8},"end":{"line":3,"column":56}},"2":{"start":{"line":7,"column":4},"end":{"line":7,"column":48}},"3":{"start":{"line":11,"column":4},"end":{"line":13,"column":5}},"4":{"start":{"line":12,"column":8},"end":{"line":12,"column":56}},"5":{"start":{"line":16,"column":4},"end":{"line":16,"column":42}},"6":{"start":{"line":20,"column":4},"end":{"line":25,"column":5}},"7":{"start":{"line":24,"column":8},"end":{"line":24,"column":50}},"8":{"start":{"line":27,"column":18},"end":{"line":27,"column":61}},"9":{"start":{"line":28,"column":19},"end":{"line":28,"column":39}},"10":{"start":{"line":30,"column":4},"end":{"line":34,"column":6}},"11":{"start":{"line":37,"column":0},"end":{"line":41,"column":2}}},"fnMap":{"0":{"name":"fahrenheitToKelvin","decl":{"start":{"line":1,"column":9},"end":{"line":1,"column":27}},"loc":{"start":{"line":1,"column":40},"end":{"line":8,"column":1}},"line":1},"1":{"name":"cubicYardsPerMinuteToCubicMetersPerMinute","decl":{"start":{"line":10,"column":9},"end":{"line":10,"column":50}},"loc":{"start":{"line":10,"column":72},"end":{"line":17,"column":1}},"line":10},"2":{"name":"hexToRgb","decl":{"start":{"line":19,"column":9},"end":{"line":19,"column":17}},"loc":{"start":{"line":19,"column":28},"end":{"line":35,"column":1}},"line":19}},"branchMap":{"0":{"loc":{"start":{"line":2,"column":4},"end":{"line":4,"column":5}},"type":"if","locations":[{"start":{"line":2,"column":4},"end":{"line":4,"column":5}},{"start":{},"end":{}}],"line":2},"1":{"loc":{"start":{"line":2,"column":8},"end":{"line":2,"column":59}},"type":"binary-expr","locations":[{"start":{"line":2,"column":8},"end":{"line":2,"column":38}},{"start":{"line":2,"column":42},"end":{"line":2,"column":59}}],"line":2},"2":{"loc":{"start":{"line":11,"column":4},"end":{"line":13,"column":5}},"type":"if","locations":[{"start":{"line":11,"column":4},"end":{"line":13,"column":5}},{"start":{},"end":{}}],"line":11},"3":{"loc":{"start":{"line":11,"column":8},"end":{"line":11,"column":77}},"type":"binary-expr","locations":[{"start":{"line":11,"column":8},"end":{"line":11,"column":47}},{"start":{"line":11,"column":51},"end":{"line":11,"column":77}}],"line":11},"4":{"loc":{"start":{"line":20,"column":4},"end":{"line":25,"column":5}},"type":"if","locations":[{"start":{"line":20,"column":4},"end":{"line":25,"column":5}},{"start":{},"end":{}}],"line":20},"5":{"loc":{"start":{"line":21,"column":8},"end":{"line":22,"column":68}},"type":"binary-expr","locations":[{"start":{"line":21,"column":8},"end":{"line":21,"column":36}},{"start":{"line":22,"column":8},"end":{"line":22,"column":68}}],"line":21}},"s":{"0":5,"1":1,"2":4,"3":5,"4":1,"5":4,"6":6,"7":3,"8":3,"9":3,"10":3,"11":3},"f":{"0":5,"1":5,"2":6},"b":{"0":[1,4],"1":[5,4],"2":[1,4],"3":[5,4],"4":[3,3],"5":[6,5]},"_coverageSchema":"1a1c01bbd47fc00a2c39e90264f33305004495a9","hash":"65a03474fd18d966c44c9941cd60e6705d233397"}
}
