TN:
SF:program.js
FN:1,fahrenheitToKelvin
FN:10,cubicYardsPerMinuteToCubicMetersPerMinute
FN:19,hexToRgb
FNF:3
FNH:3
FNDA:5,fahrenheitToKelvin
FNDA:5,cubicYardsPerMinuteToCubicMetersPerMinute
FNDA:6,hexToRgb
DA:2,5
DA:3,1
DA:7,4
DA:11,5
DA:12,1
DA:16,4
DA:20,6
DA:24,3
DA:27,3
DA:28,3
DA:30,3
DA:37,3
LF:12
LH:12
BRDA:2,0,0,1
BRDA:2,0,1,4
BRDA:2,1,0,5
BRDA:2,1,1,4
BRDA:11,2,0,1
BRDA:11,2,1,4
BRDA:11,3,0,5
BRDA:11,3,1,4
BRDA:20,4,0,3
BRDA:20,4,1,3
BRDA:21,5,0,6
BRDA:21,5,1,5
BRF:12
BRH:12
end_of_record
